# JRE version: Java(TM) SE Runtime Environment (8.0_251-b08) (build 1.8.0_251-b08)
# Java VM: Java HotSpot(TM) 64-Bit Server VM (25.251-b08 mixed mode windows-amd64 compressed oops)
Heap:
 PSYoungGen      total 103936K, used 71606K [0x00000000d6200000, 0x00000000ddf00000, 0x0000000100000000)
  eden space 81408K, 67% used [0x00000000d6200000,0x00000000d97710c0,0x00000000db180000)
  from space 22528K, 74% used [0x00000000db180000,0x00000000dc1fc9a0,0x00000000dc780000)
  to   space 22016K, 0% used [0x00000000dc780000,0x00000000dc780000,0x00000000ddd00000)
 ParOldGen       total 77824K, used 25352K [0x0000000082600000, 0x0000000087200000, 0x00000000d6200000)
  object space 77824K, 32% used [0x0000000082600000,0x0000000083ec2248,0x0000000087200000)
 Metaspace       used 33039K, capacity 33668K, committed 33920K, reserved 1079296K
  class space    used 3996K, capacity 4172K, committed 4224K, reserved 1048576K
GC Heap History (10 events):
Event: 30.613 GC heap before
{Heap before GC invocations=10 (full 1):
 PSYoungGen      total 64000K, used 63997K [0x00000000d6200000, 0x00000000dbb80000, 0x0000000100000000)
  eden space 51712K, 100% used [0x00000000d6200000,0x00000000d9480000,0x00000000d9480000)
  from space 12288K, 99% used [0x00000000da280000,0x00000000dae7f6e0,0x00000000dae80000)
  to   space 14336K, 0% used [0x00000000d9480000,0x00000000d9480000,0x00000000da280000)
 ParOldGen       total 77824K, used 15155K [0x0000000082600000, 0x0000000087200000, 0x00000000d6200000)
  object space 77824K, 19% used [0x0000000082600000,0x00000000834ccd40,0x0000000087200000)
 Metaspace       used 27944K, capacity 28420K, committed 28672K, reserved 1075200K
  class space    used 3360K, capacity 3513K, committed 3584K, reserved 1048576K
Event: 30.657 GC heap after
Heap after GC invocations=10 (full 1):
 PSYoungGen      total 66048K, used 14316K [0x00000000d6200000, 0x00000000dc200000, 0x0000000100000000)
  eden space 51712K, 0% used [0x00000000d6200000,0x00000000d6200000,0x00000000d9480000)
  from space 14336K, 99% used [0x00000000d9480000,0x00000000da27b0a0,0x00000000da280000)
  to   space 17408K, 0% used [0x00000000db100000,0x00000000db100000,0x00000000dc200000)
 ParOldGen       total 77824K, used 17518K [0x0000000082600000, 0x0000000087200000, 0x00000000d6200000)
  object space 77824K, 22% used [0x0000000082600000,0x000000008371bb60,0x0000000087200000)
 Metaspace       used 27944K, capacity 28420K, committed 28672K, reserved 1075200K
  class space    used 3360K, capacity 3513K, committed 3584K, reserved 1048576K
}
Event: 31.334 GC heap before
{Heap before GC invocations=11 (full 1):
 PSYoungGen      total 66048K, used 66028K [0x00000000d6200000, 0x00000000dc200000, 0x0000000100000000)
  eden space 51712K, 100% used [0x00000000d6200000,0x00000000d9480000,0x00000000d9480000)
  from space 14336K, 99% used [0x00000000d9480000,0x00000000da27b0a0,0x00000000da280000)
  to   space 17408K, 0% used [0x00000000db100000,0x00000000db100000,0x00000000dc200000)
 ParOldGen       total 77824K, used 17518K [0x0000000082600000, 0x0000000087200000, 0x00000000d6200000)
  object space 77824K, 22% used [0x0000000082600000,0x000000008371bb60,0x0000000087200000)
 Metaspace       used 27946K, capacity 28420K, committed 28672K, reserved 1075200K
  class space    used 3360K, capacity 3513K, committed 3584K, reserved 1048576K
Event: 31.380 GC heap after
Heap after GC invocations=11 (full 1):
 PSYoungGen      total 78336K, used 17406K [0x00000000d6200000, 0x00000000dca80000, 0x0000000100000000)
  eden space 60928K, 0% used [0x00000000d6200000,0x00000000d6200000,0x00000000d9d80000)
  from space 17408K, 99% used [0x00000000db100000,0x00000000dc1ffad8,0x00000000dc200000)
  to   space 19968K, 0% used [0x00000000d9d80000,0x00000000d9d80000,0x00000000db100000)
 ParOldGen       total 77824K, used 17835K [0x0000000082600000, 0x0000000087200000, 0x00000000d6200000)
  object space 77824K, 22% used [0x0000000082600000,0x000000008376afe8,0x0000000087200000)
 Metaspace       used 27946K, capacity 28420K, committed 28672K, reserved 1075200K
  class space    used 3360K, capacity 3513K, committed 3584K, reserved 1048576K
}
Event: 32.336 GC heap before
{Heap before GC invocations=12 (full 1):
 PSYoungGen      total 78336K, used 78334K [0x00000000d6200000, 0x00000000dca80000, 0x0000000100000000)
  eden space 60928K, 100% used [0x00000000d6200000,0x00000000d9d80000,0x00000000d9d80000)
  from space 17408K, 99% used [0x00000000db100000,0x00000000dc1ffad8,0x00000000dc200000)
  to   space 19968K, 0% used [0x00000000d9d80000,0x00000000d9d80000,0x00000000db100000)
 ParOldGen       total 77824K, used 17835K [0x0000000082600000, 0x0000000087200000, 0x00000000d6200000)
  object space 77824K, 22% used [0x0000000082600000,0x000000008376afe8,0x0000000087200000)
 Metaspace       used 27957K, capacity 28424K, committed 28672K, reserved 1075200K
  class space    used 3361K, capacity 3513K, committed 3584K, reserved 1048576K
Event: 32.416 GC heap after
Heap after GC invocations=12 (full 1):
 PSYoungGen      total 80896K, used 18326K [0x00000000d6200000, 0x00000000ddd00000, 0x0000000100000000)
  eden space 60928K, 0% used [0x00000000d6200000,0x00000000d6200000,0x00000000d9d80000)
  from space 19968K, 91% used [0x00000000d9d80000,0x00000000daf65a90,0x00000000db100000)
  to   space 22016K, 0% used [0x00000000dc780000,0x00000000dc780000,0x00000000ddd00000)
 ParOldGen       total 77824K, used 19671K [0x0000000082600000, 0x0000000087200000, 0x00000000d6200000)
  object space 77824K, 25% used [0x0000000082600000,0x0000000083935ff8,0x0000000087200000)
 Metaspace       used 27957K, capacity 28424K, committed 28672K, reserved 1075200K
  class space    used 3361K, capacity 3513K, committed 3584K, reserved 1048576K
}
Event: 33.422 GC heap before
{Heap before GC invocations=13 (full 1):
 PSYoungGen      total 80896K, used 79254K [0x00000000d6200000, 0x00000000ddd00000, 0x0000000100000000)
  eden space 60928K, 100% used [0x00000000d6200000,0x00000000d9d80000,0x00000000d9d80000)
  from space 19968K, 91% used [0x00000000d9d80000,0x00000000daf65a90,0x00000000db100000)
  to   space 22016K, 0% used [0x00000000dc780000,0x00000000dc780000,0x00000000ddd00000)
 ParOldGen       total 77824K, used 19671K [0x0000000082600000, 0x0000000087200000, 0x00000000d6200000)
  object space 77824K, 25% used [0x0000000082600000,0x0000000083935ff8,0x0000000087200000)
 Metaspace       used 27968K, capacity 28520K, committed 28672K, reserved 1075200K
  class space    used 3363K, capacity 3545K, committed 3584K, reserved 1048576K
Event: 33.488 GC heap after
Heap after GC invocations=13 (full 1):
 PSYoungGen      total 103424K, used 15152K [0x00000000d6200000, 0x00000000ddf00000, 0x0000000100000000)
  eden space 81408K, 0% used [0x00000000d6200000,0x00000000d6200000,0x00000000db180000)
  from space 22016K, 68% used [0x00000000dc780000,0x00000000dd64c260,0x00000000ddd00000)
  to   space 22528K, 0% used [0x00000000db180000,0x00000000db180000,0x00000000dc780000)
 ParOldGen       total 77824K, used 23923K [0x0000000082600000, 0x0000000087200000, 0x00000000d6200000)
  object space 77824K, 30% used [0x0000000082600000,0x0000000083d5cc50,0x0000000087200000)
 Metaspace       used 27968K, capacity 28520K, committed 28672K, reserved 1075200K
  class space    used 3363K, capacity 3545K, committed 3584K, reserved 1048576K
}
Event: 34.807 GC heap before
{Heap before GC invocations=14 (full 1):
 PSYoungGen      total 103424K, used 96560K [0x00000000d6200000, 0x00000000ddf00000, 0x0000000100000000)
  eden space 81408K, 100% used [0x00000000d6200000,0x00000000db180000,0x00000000db180000)
  from space 22016K, 68% used [0x00000000dc780000,0x00000000dd64c260,0x00000000ddd00000)
  to   space 22528K, 0% used [0x00000000db180000,0x00000000db180000,0x00000000dc780000)
 ParOldGen       total 77824K, used 23923K [0x0000000082600000, 0x0000000087200000, 0x00000000d6200000)
  object space 77824K, 30% used [0x0000000082600000,0x0000000083d5cc50,0x0000000087200000)
 Metaspace       used 27977K, capacity 28530K, committed 28672K, reserved 1075200K
  class space    used 3364K, capacity 3547K, committed 3584K, reserved 1048576K
Event: 34.848 GC heap after
Heap after GC invocations=14 (full 1):
 PSYoungGen      total 103936K, used 16882K [0x00000000d6200000, 0x00000000ddf00000, 0x0000000100000000)
  eden space 81408K, 0% used [0x00000000d6200000,0x00000000d6200000,0x00000000db180000)
  from space 22528K, 74% used [0x00000000db180000,0x00000000dc1fc9a0,0x00000000dc780000)
  to   space 22016K, 0% used [0x00000000dc780000,0x00000000dc780000,0x00000000ddd00000)
 ParOldGen       total 77824K, used 25352K [0x0000000082600000, 0x0000000087200000, 0x00000000d6200000)
  object space 77824K, 32% used [0x0000000082600000,0x0000000083ec2248,0x0000000087200000)
 Metaspace       used 27977K, capacity 28530K, committed 28672K, reserved 1075200K
  class space    used 3364K, capacity 3547K, committed 3584K, reserved 1048576K
}

